<?xml version="1.0" encoding="UTF-8"?>
<!-- Generated by org.testng.reporters.JUnitXMLReporter -->
<testsuite ignored="0" hostname="DESKTOP-3824BQ8" failures="2" tests="2" name="Default test(failed)" time="7.124" errors="0" timestamp="2023-02-17T12:23:59 IST">
  <testcase classname="pageobjectModel.TestExecution" name="navigate_to_homepage_click_on_getstarted" time="0.166">
    <failure type="java.lang.AssertionError" message="expected [App &amp;amp; Browser Testing Made Easy] but found [Create a FREE Account]">
      <![CDATA[java.lang.AssertionError: expected [App & Browser Testing Made Easy] but found [Create a FREE Account]
at pageobjectModel.Test1.veryHeader(Test1.java:21)
at pageobjectModel.TestExecution.navigate_to_homepage_click_on_getstarted(TestExecution.java:25)
at java.base/java.util.ArrayList.forEach(ArrayList.java:1511)
... Removed 33 stack frames]]>
    </failure>
  </testcase> <!-- navigate_to_homepage_click_on_getstarted -->
  <testcase classname="pageobjectModel.TestExecution" name="enter_userDetails" time="0.056">
    <failure type="java.lang.AssertionError" message="expected [App &amp;amp; Browser Testing Made Easy] but found [Create a FREE Account]">
      <![CDATA[java.lang.AssertionError: expected [App & Browser Testing Made Easy] but found [Create a FREE Account]
at pageobjectModel.Test1.veryHeader(Test1.java:21)
at pageobjectModel.TestExecution.enter_userDetails(TestExecution.java:31)
at java.base/java.util.ArrayList.forEach(ArrayList.java:1511)
... Removed 33 stack frames]]>
    </failure>
  </testcase> <!-- enter_userDetails -->
</testsuite> <!-- Default test(failed) -->
