<?xml version="1.0" encoding="UTF-8"?>
<!-- Generated by org.testng.reporters.JUnitReportReporter -->
<testsuite hostname="DESKTOP-3824BQ8" failures="0" tests="25" name="eLApplication.ELProfilePage" time="2.207" errors="1" timestamp="2023-03-10T10:56:34 IST" skipped="24">
  <testcase classname="eLApplication.ELProfilePage" name="setup" time="2.207">
    <error message="session not created: This version of ChromeDriver only supports Chrome version 105
Current browser version is 111.0.5563.64 with binary path C:\Program Files\Google\Chrome\Application\chrome.exe
Build info: version: &#039;3.141.59&#039;, revision: &#039;e82be7d358&#039;, time: &#039;2018-11-14T08:17:03&#039;
System info: host: &#039;DESKTOP-3824BQ8&#039;, ip: &#039;192.168.1.11&#039;, os.name: &#039;Windows 10&#039;, os.arch: &#039;amd64&#039;, os.version: &#039;10.0&#039;, java.version: &#039;15.0.2&#039;
Driver info: driver.version: ChromeDriver
remote stacktrace: Backtrace:
	Ordinal0 [0x0037DF13+2219795]
	Ordinal0 [0x00312841+1779777]
	Ordinal0 [0x0022423D+803389]
	Ordinal0 [0x002464AC+943276]
	Ordinal0 [0x002419F0+924144]
	Ordinal0 [0x0023F179+913785]
	Ordinal0 [0x002736B9+1128121]
	Ordinal0 [0x0027331A+1127194]
	Ordinal0 [0x0026E616+1107478]
	Ordinal0 [0x00247F89+950153]
	Ordinal0 [0x00248F56+954198]
	GetHandleVerifier [0x00672CB2+3040210]
	GetHandleVerifier [0x00662BB4+2974420]
	GetHandleVerifier [0x00416A0A+565546]
	GetHandleVerifier [0x00415680+560544]
	Ordinal0 [0x00319A5C+1808988]
	Ordinal0 [0x0031E3A8+1827752]
	Ordinal0 [0x0031E495+1827989]
	Ordinal0 [0x003280A4+1867940]
	BaseThreadInitThunk [0x75C000F9+25]
	RtlGetAppContainerNamedObjectPath [0x76F17BBE+286]
	RtlGetAppContainerNamedObjectPath [0x76F17B8E+238]
" type="org.openqa.selenium.SessionNotCreatedException">
      <![CDATA[org.openqa.selenium.SessionNotCreatedException: session not created: This version of ChromeDriver only supports Chrome version 105
Current browser version is 111.0.5563.64 with binary path C:\Program Files\Google\Chrome\Application\chrome.exe
Build info: version: '3.141.59', revision: 'e82be7d358', time: '2018-11-14T08:17:03'
System info: host: 'DESKTOP-3824BQ8', ip: '192.168.1.11', os.name: 'Windows 10', os.arch: 'amd64', os.version: '10.0', java.version: '15.0.2'
Driver info: driver.version: ChromeDriver
remote stacktrace: Backtrace:
Ordinal0 [0x0037DF13+2219795]
Ordinal0 [0x00312841+1779777]
Ordinal0 [0x0022423D+803389]
Ordinal0 [0x002464AC+943276]
Ordinal0 [0x002419F0+924144]
Ordinal0 [0x0023F179+913785]
Ordinal0 [0x002736B9+1128121]
Ordinal0 [0x0027331A+1127194]
Ordinal0 [0x0026E616+1107478]
Ordinal0 [0x00247F89+950153]
Ordinal0 [0x00248F56+954198]
GetHandleVerifier [0x00672CB2+3040210]
GetHandleVerifier [0x00662BB4+2974420]
GetHandleVerifier [0x00416A0A+565546]
GetHandleVerifier [0x00415680+560544]
Ordinal0 [0x00319A5C+1808988]
Ordinal0 [0x0031E3A8+1827752]
Ordinal0 [0x0031E495+1827989]
Ordinal0 [0x003280A4+1867940]
BaseThreadInitThunk [0x75C000F9+25]
RtlGetAppContainerNamedObjectPath [0x76F17BBE+286]
RtlGetAppContainerNamedObjectPath [0x76F17B8E+238]

at java.base/jdk.internal.reflect.NativeConstructorAccessorImpl.newInstance0(Native Method)
at java.base/jdk.internal.reflect.NativeConstructorAccessorImpl.newInstance(NativeConstructorAccessorImpl.java:64)
at java.base/jdk.internal.reflect.DelegatingConstructorAccessorImpl.newInstance(DelegatingConstructorAccessorImpl.java:45)
at java.base/java.lang.reflect.Constructor.newInstanceWithCaller(Constructor.java:500)
at java.base/java.lang.reflect.Constructor.newInstance(Constructor.java:481)
at org.openqa.selenium.remote.W3CHandshakeResponse.lambda$errorHandler$0(W3CHandshakeResponse.java:62)
at org.openqa.selenium.remote.HandshakeResponse.lambda$getResponseFunction$0(HandshakeResponse.java:30)
at org.openqa.selenium.remote.ProtocolHandshake.lambda$createSession$0(ProtocolHandshake.java:126)
at java.base/java.util.stream.ReferencePipeline$3$1.accept(ReferencePipeline.java:195)
at java.base/java.util.Spliterators$ArraySpliterator.tryAdvance(Spliterators.java:958)
at java.base/java.util.stream.ReferencePipeline.forEachWithCancel(ReferencePipeline.java:127)
at java.base/java.util.stream.AbstractPipeline.copyIntoWithCancel(AbstractPipeline.java:502)
at java.base/java.util.stream.AbstractPipeline.copyInto(AbstractPipeline.java:488)
at java.base/java.util.stream.AbstractPipeline.wrapAndCopyInto(AbstractPipeline.java:474)
at java.base/java.util.stream.FindOps$FindOp.evaluateSequential(FindOps.java:150)
at java.base/java.util.stream.AbstractPipeline.evaluate(AbstractPipeline.java:234)
at java.base/java.util.stream.ReferencePipeline.findFirst(ReferencePipeline.java:543)
at org.openqa.selenium.remote.ProtocolHandshake.createSession(ProtocolHandshake.java:128)
at org.openqa.selenium.remote.ProtocolHandshake.createSession(ProtocolHandshake.java:74)
at org.openqa.selenium.remote.HttpCommandExecutor.execute(HttpCommandExecutor.java:136)
at org.openqa.selenium.remote.service.DriverCommandExecutor.execute(DriverCommandExecutor.java:83)
at org.openqa.selenium.remote.RemoteWebDriver.execute(RemoteWebDriver.java:552)
at org.openqa.selenium.remote.RemoteWebDriver.startSession(RemoteWebDriver.java:213)
at org.openqa.selenium.remote.RemoteWebDriver.<init>(RemoteWebDriver.java:131)
at org.openqa.selenium.chrome.ChromeDriver.<init>(ChromeDriver.java:181)
at org.openqa.selenium.chrome.ChromeDriver.<init>(ChromeDriver.java:168)
at org.openqa.selenium.chrome.ChromeDriver.<init>(ChromeDriver.java:123)
at eLApplication.ELProfilePage.setup(ELProfilePage.java:20)
at java.base/jdk.internal.reflect.NativeMethodAccessorImpl.invoke0(Native Method)
at java.base/jdk.internal.reflect.NativeMethodAccessorImpl.invoke(NativeMethodAccessorImpl.java:64)
at java.base/jdk.internal.reflect.DelegatingMethodAccessorImpl.invoke(DelegatingMethodAccessorImpl.java:43)
at java.base/java.lang.reflect.Method.invoke(Method.java:564)
at org.testng.internal.MethodInvocationHelper.invokeMethod(MethodInvocationHelper.java:133)
at org.testng.internal.MethodInvocationHelper.invokeMethodConsideringTimeout(MethodInvocationHelper.java:62)
at org.testng.internal.ConfigInvoker.invokeConfigurationMethod(ConfigInvoker.java:385)
at org.testng.internal.ConfigInvoker.invokeConfigurations(ConfigInvoker.java:321)
at org.testng.internal.TestInvoker.runConfigMethods(TestInvoker.java:700)
at org.testng.internal.TestInvoker.invokeMethod(TestInvoker.java:527)
at org.testng.internal.TestInvoker.invokeTestMethod(TestInvoker.java:173)
at org.testng.internal.MethodRunner.runInSequence(MethodRunner.java:46)
at org.testng.internal.TestInvoker$MethodInvocationAgent.invoke(TestInvoker.java:824)
at org.testng.internal.TestInvoker.invokeTestMethods(TestInvoker.java:146)
at org.testng.internal.TestMethodWorker.invokeTestMethods(TestMethodWorker.java:146)
at org.testng.internal.TestMethodWorker.run(TestMethodWorker.java:128)
at java.base/java.util.ArrayList.forEach(ArrayList.java:1511)
at org.testng.TestRunner.privateRun(TestRunner.java:794)
at org.testng.TestRunner.run(TestRunner.java:596)
at org.testng.SuiteRunner.runTest(SuiteRunner.java:377)
at org.testng.SuiteRunner.runSequentially(SuiteRunner.java:371)
at org.testng.SuiteRunner.privateRun(SuiteRunner.java:332)
at org.testng.SuiteRunner.run(SuiteRunner.java:276)
at org.testng.SuiteRunnerWorker.runSuite(SuiteRunnerWorker.java:53)
at org.testng.SuiteRunnerWorker.run(SuiteRunnerWorker.java:96)
at org.testng.TestNG.runSuitesSequentially(TestNG.java:1212)
at org.testng.TestNG.runSuitesLocally(TestNG.java:1134)
at org.testng.TestNG.runSuites(TestNG.java:1063)
at org.testng.TestNG.run(TestNG.java:1031)
at org.testng.remote.AbstractRemoteTestNG.run(AbstractRemoteTestNG.java:115)
at org.testng.remote.RemoteTestNG.initAndRun(RemoteTestNG.java:251)
at org.testng.remote.RemoteTestNG.main(RemoteTestNG.java:77)
]]>
    </error>
  </testcase> <!-- setup -->
  <system-out/>
  <testcase classname="eLApplication.ELProfilePage" name="ProfileDropDown" time="0.000">
    <skipped/>
  </testcase> <!-- ProfileDropDown -->
  <system-out/>
  <testcase classname="eLApplication.ELProfilePage" name="ProfilePageNavigation" time="0.000">
    <skipped/>
  </testcase> <!-- ProfilePageNavigation -->
  <system-out/>
  <testcase classname="eLApplication.ELProfilePage" name="FunctionalityofCameraIcon" time="0.000">
    <skipped/>
  </testcase> <!-- FunctionalityofCameraIcon -->
  <system-out/>
  <testcase classname="eLApplication.ELProfilePage" name="FunctionalityofViewPhoto" time="0.000">
    <skipped/>
  </testcase> <!-- FunctionalityofViewPhoto -->
  <system-out/>
  <testcase classname="eLApplication.ELProfilePage" name="FunctionalityofCloseIconInViewProfilePhoto" time="0.000">
    <skipped/>
  </testcase> <!-- FunctionalityofCloseIconInViewProfilePhoto -->
  <system-out/>
  <testcase classname="eLApplication.ELProfilePage" name="FunctionalityofUploadPhoto" time="0.000">
    <skipped/>
  </testcase> <!-- FunctionalityofUploadPhoto -->
  <system-out/>
  <testcase classname="eLApplication.ELProfilePage" name="FunctionalityofUploadbuttonInUpdateProfilePhotoPage" time="0.000">
    <skipped/>
  </testcase> <!-- FunctionalityofUploadbuttonInUpdateProfilePhotoPage -->
  <system-out/>
  <testcase classname="eLApplication.ELProfilePage" name="FunctionalityofCloseIconInUploadProfilePhotoPage" time="0.000">
    <skipped/>
  </testcase> <!-- FunctionalityofCloseIconInUploadProfilePhotoPage -->
  <system-out/>
  <testcase classname="eLApplication.ELProfilePage" name="FunctionalityofRemovePhotoLink" time="0.000">
    <skipped/>
  </testcase> <!-- FunctionalityofRemovePhotoLink -->
  <system-out/>
  <testcase classname="eLApplication.ELProfilePage" name="FunctionalityofRemovingthePhoto" time="0.000">
    <skipped/>
  </testcase> <!-- FunctionalityofRemovingthePhoto -->
  <system-out/>
  <testcase classname="eLApplication.ELProfilePage" name="UpdateProfilebychangingFirstName" time="0.000">
    <skipped/>
  </testcase> <!-- UpdateProfilebychangingFirstName -->
  <system-out/>
  <testcase classname="eLApplication.ELProfilePage" name="UpdateProfilebychangingLastName" time="0.000">
    <skipped/>
  </testcase> <!-- UpdateProfilebychangingLastName -->
  <system-out/>
  <testcase classname="eLApplication.ELProfilePage" name="UpdateProfilebychangingEmail" time="0.000">
    <skipped/>
  </testcase> <!-- UpdateProfilebychangingEmail -->
  <system-out/>
  <testcase classname="eLApplication.ELProfilePage" name="UpdateProfilebychangingalltheFields" time="0.000">
    <skipped/>
  </testcase> <!-- UpdateProfilebychangingalltheFields -->
  <system-out/>
  <testcase classname="eLApplication.ELProfilePage" name="UpdateProfilebychangingPhoneNumber" time="0.000">
    <skipped/>
  </testcase> <!-- UpdateProfilebychangingPhoneNumber -->
  <system-out/>
  <testcase classname="eLApplication.ELProfilePage" name="FunctionalityOfUpdateProfilewithoutChangingdetails" time="0.000">
    <skipped/>
  </testcase> <!-- FunctionalityOfUpdateProfilewithoutChangingdetails -->
  <system-out/>
  <testcase classname="eLApplication.ELProfilePage" name="FunctionalityOfCopyingUserID" time="0.000">
    <skipped/>
  </testcase> <!-- FunctionalityOfCopyingUserID -->
  <system-out/>
  <testcase classname="eLApplication.ELProfilePage" name="FunctionalityOfResetPasswordtab" time="0.000">
    <skipped/>
  </testcase> <!-- FunctionalityOfResetPasswordtab -->
  <system-out/>
  <testcase classname="eLApplication.ELProfilePage" name="ResetPassword" time="0.000">
    <skipped/>
  </testcase> <!-- ResetPassword -->
  <system-out/>
  <testcase classname="eLApplication.ELProfilePage" name="FunctionalityOfResetPasswordbyWrongConfirmPassword" time="0.000">
    <skipped/>
  </testcase> <!-- FunctionalityOfResetPasswordbyWrongConfirmPassword -->
  <system-out/>
  <testcase classname="eLApplication.ELProfilePage" name="FunctionalityOfResetPasswordwithLessthan8digits" time="0.000">
    <skipped/>
  </testcase> <!-- FunctionalityOfResetPasswordwithLessthan8digits -->
  <system-out/>
  <testcase classname="eLApplication.ELProfilePage" name="FunctionalityOfResetPasswordwithInValidPassword" time="0.000">
    <skipped/>
  </testcase> <!-- FunctionalityOfResetPasswordwithInValidPassword -->
  <system-out/>
  <testcase classname="eLApplication.ELProfilePage" name="FunctionalityOfResetPasswordwithOutEnteringtheData" time="0.000">
    <skipped/>
  </testcase> <!-- FunctionalityOfResetPasswordwithOutEnteringtheData -->
  <system-out/>
  <testcase classname="eLApplication.ELProfilePage" name="FunctionalityOfResetPasswordWithOutConfirmPassword" time="0.000">
    <skipped/>
  </testcase> <!-- FunctionalityOfResetPasswordWithOutConfirmPassword -->
  <system-out/>
</testsuite> <!-- eLApplication.ELProfilePage -->
