<?xml version="1.0" encoding="UTF-8"?>
<!-- Generated by org.testng.reporters.JUnitXMLReporter -->
<testsuite ignored="0" hostname="DESKTOP-3824BQ8" failures="0" tests="24" name="Default test" time="6.418" errors="0" timestamp="2023-03-10T10:57:24 IST">
  <testcase classname="eLApplication.ELProfilePage" name="@BeforeMethod setup" time="6.057">
    <failure type="org.openqa.selenium.NoSuchWindowException" message="no such window: target window already closed
from unknown error: web view not found
  (Session info: chrome=111.0.5563.64)
Build info: version: &amp;apos;3.141.59&amp;apos;, revision: &amp;apos;e82be7d358&amp;apos;, time: &amp;apos;2018-11-14T08:17:03&amp;apos;
System info: host: &amp;apos;DESKTOP-3824BQ8&amp;apos;, ip: &amp;apos;192.168.1.11&amp;apos;, os.name: &amp;apos;Windows 10&amp;apos;, os.arch: &amp;apos;amd64&amp;apos;, os.version: &amp;apos;10.0&amp;apos;, java.version: &amp;apos;15.0.2&amp;apos;
Driver info: org.openqa.selenium.chrome.ChromeDriver
Capabilities {acceptInsecureCerts: false, browserName: chrome, browserVersion: 111.0.5563.64, chrome: {chromedriverVersion: 111.0.5563.64 (c710e93d5b63..., userDataDir: C:\Users\TOSHIBA\AppData\Lo...}, goog:chromeOptions: {debuggerAddress: localhost:60141}, javascriptEnabled: true, networkConnectionEnabled: false, pageLoadStrategy: normal, platform: WINDOWS, platformName: WINDOWS, proxy: Proxy(), setWindowRect: true, strictFileInteractability: false, timeouts: {implicit: 0, pageLoad: 300000, script: 30000}, unhandledPromptBehavior: dismiss and notify, webauthn:extension:credBlob: true, webauthn:extension:largeBlob: true, webauthn:extension:minPinLength: true, webauthn:extension:prf: true, webauthn:virtualAuthenticators: true}
Session ID: 4c55d14da316ac20c691fba76d09f95d
*** Element info: {Using=name, value=email}">
      <![CDATA[org.openqa.selenium.NoSuchWindowException: no such window: target window already closed
from unknown error: web view not found
  (Session info: chrome=111.0.5563.64)
Build info: version: '3.141.59', revision: 'e82be7d358', time: '2018-11-14T08:17:03'
System info: host: 'DESKTOP-3824BQ8', ip: '192.168.1.11', os.name: 'Windows 10', os.arch: 'amd64', os.version: '10.0', java.version: '15.0.2'
Driver info: org.openqa.selenium.chrome.ChromeDriver
Capabilities {acceptInsecureCerts: false, browserName: chrome, browserVersion: 111.0.5563.64, chrome: {chromedriverVersion: 111.0.5563.64 (c710e93d5b63..., userDataDir: C:\Users\TOSHIBA\AppData\Lo...}, goog:chromeOptions: {debuggerAddress: localhost:60141}, javascriptEnabled: true, networkConnectionEnabled: false, pageLoadStrategy: normal, platform: WINDOWS, platformName: WINDOWS, proxy: Proxy(), setWindowRect: true, strictFileInteractability: false, timeouts: {implicit: 0, pageLoad: 300000, script: 30000}, unhandledPromptBehavior: dismiss and notify, webauthn:extension:credBlob: true, webauthn:extension:largeBlob: true, webauthn:extension:minPinLength: true, webauthn:extension:prf: true, webauthn:virtualAuthenticators: true}
Session ID: 4c55d14da316ac20c691fba76d09f95d
*** Element info: {Using=name, value=email}
at java.base/jdk.internal.reflect.NativeConstructorAccessorImpl.newInstance0(Native Method)
at java.base/jdk.internal.reflect.NativeConstructorAccessorImpl.newInstance(NativeConstructorAccessorImpl.java:64)
at java.base/jdk.internal.reflect.DelegatingConstructorAccessorImpl.newInstance(DelegatingConstructorAccessorImpl.java:45)
at java.base/java.lang.reflect.Constructor.newInstanceWithCaller(Constructor.java:500)
at java.base/java.lang.reflect.Constructor.newInstance(Constructor.java:481)
at org.openqa.selenium.remote.http.W3CHttpResponseCodec.createException(W3CHttpResponseCodec.java:187)
at org.openqa.selenium.remote.http.W3CHttpResponseCodec.decode(W3CHttpResponseCodec.java:122)
at org.openqa.selenium.remote.http.W3CHttpResponseCodec.decode(W3CHttpResponseCodec.java:49)
at org.openqa.selenium.remote.HttpCommandExecutor.execute(HttpCommandExecutor.java:158)
at org.openqa.selenium.remote.service.DriverCommandExecutor.execute(DriverCommandExecutor.java:83)
at org.openqa.selenium.remote.RemoteWebDriver.execute(RemoteWebDriver.java:552)
at org.openqa.selenium.remote.RemoteWebDriver.findElement(RemoteWebDriver.java:323)
at org.openqa.selenium.remote.RemoteWebDriver.findElementByName(RemoteWebDriver.java:404)
at org.openqa.selenium.By$ByName.findElement(By.java:284)
at org.openqa.selenium.remote.RemoteWebDriver.findElement(RemoteWebDriver.java:315)
at eLApplication.ELProfilePage.setup(ELProfilePage.java:32)
at java.base/jdk.internal.reflect.NativeMethodAccessorImpl.invoke0(Native Method)
at java.base/jdk.internal.reflect.NativeMethodAccessorImpl.invoke(NativeMethodAccessorImpl.java:64)
at java.base/jdk.internal.reflect.DelegatingMethodAccessorImpl.invoke(DelegatingMethodAccessorImpl.java:43)
at java.base/java.lang.reflect.Method.invoke(Method.java:564)
at org.testng.internal.MethodInvocationHelper.invokeMethod(MethodInvocationHelper.java:133)
at org.testng.internal.MethodInvocationHelper.invokeMethodConsideringTimeout(MethodInvocationHelper.java:62)
at org.testng.internal.ConfigInvoker.invokeConfigurationMethod(ConfigInvoker.java:385)
at org.testng.internal.ConfigInvoker.invokeConfigurations(ConfigInvoker.java:321)
at org.testng.internal.TestInvoker.runConfigMethods(TestInvoker.java:700)
at org.testng.internal.TestInvoker.invokeMethod(TestInvoker.java:527)
at org.testng.internal.TestInvoker.invokeTestMethod(TestInvoker.java:173)
at org.testng.internal.MethodRunner.runInSequence(MethodRunner.java:46)
at org.testng.internal.TestInvoker$MethodInvocationAgent.invoke(TestInvoker.java:824)
at org.testng.internal.TestInvoker.invokeTestMethods(TestInvoker.java:146)
at org.testng.internal.TestMethodWorker.invokeTestMethods(TestMethodWorker.java:146)
at org.testng.internal.TestMethodWorker.run(TestMethodWorker.java:128)
at java.base/java.util.ArrayList.forEach(ArrayList.java:1511)
at org.testng.TestRunner.privateRun(TestRunner.java:794)
at org.testng.TestRunner.run(TestRunner.java:596)
at org.testng.SuiteRunner.runTest(SuiteRunner.java:377)
at org.testng.SuiteRunner.runSequentially(SuiteRunner.java:371)
at org.testng.SuiteRunner.privateRun(SuiteRunner.java:332)
at org.testng.SuiteRunner.run(SuiteRunner.java:276)
at org.testng.SuiteRunnerWorker.runSuite(SuiteRunnerWorker.java:53)
at org.testng.SuiteRunnerWorker.run(SuiteRunnerWorker.java:96)
at org.testng.TestNG.runSuitesSequentially(TestNG.java:1212)
at org.testng.TestNG.runSuitesLocally(TestNG.java:1134)
at org.testng.TestNG.runSuites(TestNG.java:1063)
at org.testng.TestNG.run(TestNG.java:1031)
at org.testng.remote.AbstractRemoteTestNG.run(AbstractRemoteTestNG.java:115)
at org.testng.remote.RemoteTestNG.initAndRun(RemoteTestNG.java:251)
at org.testng.remote.RemoteTestNG.main(RemoteTestNG.java:77)
]]>
    </failure>
  </testcase> <!-- @BeforeMethod setup -->
  <testcase classname="eLApplication.ELProfilePage" name="@AfterMethod closebrowser" time="-1.678426044494E9">
    <skipped/>
  </testcase> <!-- @AfterMethod closebrowser -->
  <testcase classname="eLApplication.ELProfilePage" name="@BeforeMethod setup" time="-1.678426044504E9">
    <skipped/>
  </testcase> <!-- @BeforeMethod setup -->
  <testcase classname="eLApplication.ELProfilePage" name="@AfterMethod closebrowser" time="-1.678426044513E9">
    <skipped/>
  </testcase> <!-- @AfterMethod closebrowser -->
  <testcase classname="eLApplication.ELProfilePage" name="@BeforeMethod setup" time="-1.678426044516E9">
    <skipped/>
  </testcase> <!-- @BeforeMethod setup -->
  <testcase classname="eLApplication.ELProfilePage" name="@AfterMethod closebrowser" time="-1.678426044527E9">
    <skipped/>
  </testcase> <!-- @AfterMethod closebrowser -->
  <testcase classname="eLApplication.ELProfilePage" name="@BeforeMethod setup" time="-1.678426044529E9">
    <skipped/>
  </testcase> <!-- @BeforeMethod setup -->
  <testcase classname="eLApplication.ELProfilePage" name="@AfterMethod closebrowser" time="-1.678426044538E9">
    <skipped/>
  </testcase> <!-- @AfterMethod closebrowser -->
  <testcase classname="eLApplication.ELProfilePage" name="@BeforeMethod setup" time="-1.67842604454E9">
    <skipped/>
  </testcase> <!-- @BeforeMethod setup -->
  <testcase classname="eLApplication.ELProfilePage" name="@AfterMethod closebrowser" time="-1.678426044547E9">
    <skipped/>
  </testcase> <!-- @AfterMethod closebrowser -->
  <testcase classname="eLApplication.ELProfilePage" name="@BeforeMethod setup" time="-1.678426044549E9">
    <skipped/>
  </testcase> <!-- @BeforeMethod setup -->
  <testcase classname="eLApplication.ELProfilePage" name="@AfterMethod closebrowser" time="-1.678426044559E9">
    <skipped/>
  </testcase> <!-- @AfterMethod closebrowser -->
  <testcase classname="eLApplication.ELProfilePage" name="@BeforeMethod setup" time="-1.678426044561E9">
    <skipped/>
  </testcase> <!-- @BeforeMethod setup -->
  <testcase classname="eLApplication.ELProfilePage" name="@AfterMethod closebrowser" time="-1.678426044576E9">
    <skipped/>
  </testcase> <!-- @AfterMethod closebrowser -->
  <testcase classname="eLApplication.ELProfilePage" name="@BeforeMethod setup" time="-1.67842604458E9">
    <skipped/>
  </testcase> <!-- @BeforeMethod setup -->
  <testcase classname="eLApplication.ELProfilePage" name="@AfterMethod closebrowser" time="-1.678426044586E9">
    <skipped/>
  </testcase> <!-- @AfterMethod closebrowser -->
  <testcase classname="eLApplication.ELProfilePage" name="@BeforeMethod setup" time="-1.678426044588E9">
    <skipped/>
  </testcase> <!-- @BeforeMethod setup -->
  <testcase classname="eLApplication.ELProfilePage" name="@AfterMethod closebrowser" time="-1.678426044595E9">
    <skipped/>
  </testcase> <!-- @AfterMethod closebrowser -->
  <testcase classname="eLApplication.ELProfilePage" name="@BeforeMethod setup" time="-1.678426044597E9">
    <skipped/>
  </testcase> <!-- @BeforeMethod setup -->
  <testcase classname="eLApplication.ELProfilePage" name="@AfterMethod closebrowser" time="-1.678426044603E9">
    <skipped/>
  </testcase> <!-- @AfterMethod closebrowser -->
  <testcase classname="eLApplication.ELProfilePage" name="@BeforeMethod setup" time="-1.678426044608E9">
    <skipped/>
  </testcase> <!-- @BeforeMethod setup -->
  <testcase classname="eLApplication.ELProfilePage" name="@AfterMethod closebrowser" time="-1.678426044616E9">
    <skipped/>
  </testcase> <!-- @AfterMethod closebrowser -->
  <testcase classname="eLApplication.ELProfilePage" name="@BeforeMethod setup" time="-1.67842604462E9">
    <skipped/>
  </testcase> <!-- @BeforeMethod setup -->
  <testcase classname="eLApplication.ELProfilePage" name="@AfterMethod closebrowser" time="-1.678426044629E9">
    <skipped/>
  </testcase> <!-- @AfterMethod closebrowser -->
  <testcase classname="eLApplication.ELProfilePage" name="@BeforeMethod setup" time="-1.678426044633E9">
    <skipped/>
  </testcase> <!-- @BeforeMethod setup -->
  <testcase classname="eLApplication.ELProfilePage" name="@AfterMethod closebrowser" time="-1.678426044645E9">
    <skipped/>
  </testcase> <!-- @AfterMethod closebrowser -->
  <testcase classname="eLApplication.ELProfilePage" name="@BeforeMethod setup" time="-1.678426044648E9">
    <skipped/>
  </testcase> <!-- @BeforeMethod setup -->
  <testcase classname="eLApplication.ELProfilePage" name="@AfterMethod closebrowser" time="-1.678426044661E9">
    <skipped/>
  </testcase> <!-- @AfterMethod closebrowser -->
  <testcase classname="eLApplication.ELProfilePage" name="@BeforeMethod setup" time="-1.678426044666E9">
    <skipped/>
  </testcase> <!-- @BeforeMethod setup -->
  <testcase classname="eLApplication.ELProfilePage" name="@AfterMethod closebrowser" time="-1.67842604468E9">
    <skipped/>
  </testcase> <!-- @AfterMethod closebrowser -->
  <testcase classname="eLApplication.ELProfilePage" name="@BeforeMethod setup" time="-1.678426044684E9">
    <skipped/>
  </testcase> <!-- @BeforeMethod setup -->
  <testcase classname="eLApplication.ELProfilePage" name="@AfterMethod closebrowser" time="-1.678426044691E9">
    <skipped/>
  </testcase> <!-- @AfterMethod closebrowser -->
  <testcase classname="eLApplication.ELProfilePage" name="@BeforeMethod setup" time="-1.678426044695E9">
    <skipped/>
  </testcase> <!-- @BeforeMethod setup -->
  <testcase classname="eLApplication.ELProfilePage" name="@AfterMethod closebrowser" time="-1.678426044701E9">
    <skipped/>
  </testcase> <!-- @AfterMethod closebrowser -->
  <testcase classname="eLApplication.ELProfilePage" name="@BeforeMethod setup" time="-1.678426044704E9">
    <skipped/>
  </testcase> <!-- @BeforeMethod setup -->
  <testcase classname="eLApplication.ELProfilePage" name="@AfterMethod closebrowser" time="-1.67842604471E9">
    <skipped/>
  </testcase> <!-- @AfterMethod closebrowser -->
  <testcase classname="eLApplication.ELProfilePage" name="@BeforeMethod setup" time="-1.678426044713E9">
    <skipped/>
  </testcase> <!-- @BeforeMethod setup -->
  <testcase classname="eLApplication.ELProfilePage" name="@AfterMethod closebrowser" time="-1.678426044723E9">
    <skipped/>
  </testcase> <!-- @AfterMethod closebrowser -->
  <testcase classname="eLApplication.ELProfilePage" name="@BeforeMethod setup" time="-1.67842604473E9">
    <skipped/>
  </testcase> <!-- @BeforeMethod setup -->
  <testcase classname="eLApplication.ELProfilePage" name="@AfterMethod closebrowser" time="-1.678426044739E9">
    <skipped/>
  </testcase> <!-- @AfterMethod closebrowser -->
  <testcase classname="eLApplication.ELProfilePage" name="@BeforeMethod setup" time="-1.678426044741E9">
    <skipped/>
  </testcase> <!-- @BeforeMethod setup -->
  <testcase classname="eLApplication.ELProfilePage" name="@AfterMethod closebrowser" time="-1.67842604475E9">
    <skipped/>
  </testcase> <!-- @AfterMethod closebrowser -->
  <testcase classname="eLApplication.ELProfilePage" name="@BeforeMethod setup" time="-1.678426044752E9">
    <skipped/>
  </testcase> <!-- @BeforeMethod setup -->
  <testcase classname="eLApplication.ELProfilePage" name="@AfterMethod closebrowser" time="-1.678426044759E9">
    <skipped/>
  </testcase> <!-- @AfterMethod closebrowser -->
  <testcase classname="eLApplication.ELProfilePage" name="@BeforeMethod setup" time="-1.678426044761E9">
    <skipped/>
  </testcase> <!-- @BeforeMethod setup -->
  <testcase classname="eLApplication.ELProfilePage" name="@AfterMethod closebrowser" time="-1.678426044767E9">
    <skipped/>
  </testcase> <!-- @AfterMethod closebrowser -->
  <testcase classname="eLApplication.ELProfilePage" name="@BeforeMethod setup" time="-1.678426044772E9">
    <skipped/>
  </testcase> <!-- @BeforeMethod setup -->
  <testcase classname="eLApplication.ELProfilePage" name="@AfterMethod closebrowser" time="-1.678426044776E9">
    <skipped/>
  </testcase> <!-- @AfterMethod closebrowser -->
  <testcase classname="eLApplication.ELProfilePage" name="ProfileDropDown" time="0.0">
    <skipped/>
  </testcase> <!-- ProfileDropDown -->
  <testcase classname="eLApplication.ELProfilePage" name="ProfilePageNavigation" time="0.0">
    <skipped/>
  </testcase> <!-- ProfilePageNavigation -->
  <testcase classname="eLApplication.ELProfilePage" name="FunctionalityofCameraIcon" time="0.0">
    <skipped/>
  </testcase> <!-- FunctionalityofCameraIcon -->
  <testcase classname="eLApplication.ELProfilePage" name="FunctionalityofViewPhoto" time="0.0">
    <skipped/>
  </testcase> <!-- FunctionalityofViewPhoto -->
  <testcase classname="eLApplication.ELProfilePage" name="FunctionalityofCloseIconInViewProfilePhoto" time="0.0">
    <skipped/>
  </testcase> <!-- FunctionalityofCloseIconInViewProfilePhoto -->
  <testcase classname="eLApplication.ELProfilePage" name="FunctionalityofUploadPhoto" time="0.0">
    <skipped/>
  </testcase> <!-- FunctionalityofUploadPhoto -->
  <testcase classname="eLApplication.ELProfilePage" name="FunctionalityofUploadbuttonInUpdateProfilePhotoPage" time="0.0">
    <skipped/>
  </testcase> <!-- FunctionalityofUploadbuttonInUpdateProfilePhotoPage -->
  <testcase classname="eLApplication.ELProfilePage" name="FunctionalityofCloseIconInUploadProfilePhotoPage" time="0.0">
    <skipped/>
  </testcase> <!-- FunctionalityofCloseIconInUploadProfilePhotoPage -->
  <testcase classname="eLApplication.ELProfilePage" name="FunctionalityofRemovePhotoLink" time="0.0">
    <skipped/>
  </testcase> <!-- FunctionalityofRemovePhotoLink -->
  <testcase classname="eLApplication.ELProfilePage" name="FunctionalityofRemovingthePhoto" time="0.0">
    <skipped/>
  </testcase> <!-- FunctionalityofRemovingthePhoto -->
  <testcase classname="eLApplication.ELProfilePage" name="UpdateProfilebychangingFirstName" time="0.0">
    <skipped/>
  </testcase> <!-- UpdateProfilebychangingFirstName -->
  <testcase classname="eLApplication.ELProfilePage" name="UpdateProfilebychangingLastName" time="0.0">
    <skipped/>
  </testcase> <!-- UpdateProfilebychangingLastName -->
  <testcase classname="eLApplication.ELProfilePage" name="UpdateProfilebychangingEmail" time="0.0">
    <skipped/>
  </testcase> <!-- UpdateProfilebychangingEmail -->
  <testcase classname="eLApplication.ELProfilePage" name="UpdateProfilebychangingPhoneNumber" time="0.0">
    <skipped/>
  </testcase> <!-- UpdateProfilebychangingPhoneNumber -->
  <testcase classname="eLApplication.ELProfilePage" name="UpdateProfilebychangingalltheFields" time="0.0">
    <skipped/>
  </testcase> <!-- UpdateProfilebychangingalltheFields -->
  <testcase classname="eLApplication.ELProfilePage" name="FunctionalityOfUpdateProfilewithoutChangingdetails" time="0.0">
    <skipped/>
  </testcase> <!-- FunctionalityOfUpdateProfilewithoutChangingdetails -->
  <testcase classname="eLApplication.ELProfilePage" name="FunctionalityOfCopyingUserID" time="0.0">
    <skipped/>
  </testcase> <!-- FunctionalityOfCopyingUserID -->
  <testcase classname="eLApplication.ELProfilePage" name="FunctionalityOfResetPasswordtab" time="0.0">
    <skipped/>
  </testcase> <!-- FunctionalityOfResetPasswordtab -->
  <testcase classname="eLApplication.ELProfilePage" name="ResetPassword" time="0.0">
    <skipped/>
  </testcase> <!-- ResetPassword -->
  <testcase classname="eLApplication.ELProfilePage" name="FunctionalityOfResetPasswordbyWrongConfirmPassword" time="0.0">
    <skipped/>
  </testcase> <!-- FunctionalityOfResetPasswordbyWrongConfirmPassword -->
  <testcase classname="eLApplication.ELProfilePage" name="FunctionalityOfResetPasswordwithLessthan8digits" time="0.0">
    <skipped/>
  </testcase> <!-- FunctionalityOfResetPasswordwithLessthan8digits -->
  <testcase classname="eLApplication.ELProfilePage" name="FunctionalityOfResetPasswordwithInValidPassword" time="0.0">
    <skipped/>
  </testcase> <!-- FunctionalityOfResetPasswordwithInValidPassword -->
  <testcase classname="eLApplication.ELProfilePage" name="FunctionalityOfResetPasswordwithOutEnteringtheData" time="0.0">
    <skipped/>
  </testcase> <!-- FunctionalityOfResetPasswordwithOutEnteringtheData -->
  <testcase classname="eLApplication.ELProfilePage" name="FunctionalityOfResetPasswordWithOutConfirmPassword" time="0.0">
    <skipped/>
  </testcase> <!-- FunctionalityOfResetPasswordWithOutConfirmPassword -->
</testsuite> <!-- Default test -->
